<?xml version="1.0" encoding="UTF-8"?>
<!-- Generated by org.testng.reporters.JUnitReportReporter -->
<testsuite ignored="0" hostname="DESKTOP-55TGAJ2" failures="0" tests="5" name="testcases.VerifyLoginFunctionality" time="77.883" errors="0" timestamp="23 May 2021 16:06:33 GMT" skipped="0">
  <testcase classname="testcases.VerifyLoginFunctionality" name="VerifyLoginToSalseForce_02" time="9.468"/>
  <testcase classname="testcases.VerifyLoginFunctionality" name="VerifyForgotPassword_04B" time="6.921"/>
  <testcase classname="testcases.VerifyLoginFunctionality" name="VerifyForgotPassword_04A" time="36.643"/>
  <testcase classname="testcases.VerifyLoginFunctionality" name="VerifyCheckRememberMe_03" time="17.127"/>
  <testcase classname="testcases.VerifyLoginFunctionality" name="VerifyLoginErrorMessage_01" time="7.724"/>
</testsuite> <!-- testcases.VerifyLoginFunctionality -->
